### ISSUE TITLE
FRIDA mode for apache httpd result in a Segmentation fault

### ISSUE THREAD

**Issue by icytxw** [AFLplusplus/AFLplusplus#1787]
When I fuzz apache httpd-2.4.52 with AFL++ fride_mode, it result in a Segmentation fault:

![image](https://github.com/AFLplusplus/AFLplusplus/assets/20652970/b3baec0a-a8d0-4038-bbec-5f3edde8d19a)
So I debug it with command below:

![image](https://github.com/AFLplusplus/AFLplusplus/assets/20652970/862c575b-6b2c-49ba-947c-c1b53c0041fd)
The code return to a strange address belong to nobody. So I set a breakpoint before it crash and it shows that the dynamic library `mod_ssl.so` load address changed from `0x7ffff357e000` to `0x7ffff0af2000`.

![image](https://github.com/AFLplusplus/AFLplusplus/assets/20652970/5c7f6c72-f44a-47a7-9a7d-ef6a13eeebe6)

I am wondering why the load address of the shared library changed at running of a process.

**Comment by vanhauser-thc** [comment]
can you please try the afl++ dev branch? there has been a fix

**Comment by icytxw** [comment]
> can you please try the afl++ dev branch? there has been a fix

I have tried it and it doesn't work.

**Comment by vanhauser-thc** [comment]
@WorksButNotTested

**Comment by WorksButNotTested** [comment]
If you run with ‘ AFL_FRIDA_INST_DEBUG_FILE’ and ‘AFL_FRIDA_STALKER_ADJACENT_BLOCKS=0’ then you should see the exact blocks of executed code and the block which stalker generates written to the log file. Hopefully that will help diagnose what’s going on.

**Comment by WorksButNotTested** [comment]
Also bear in mind when using GDB with FRIDA mode, when you set a breakpoint, the debugger is writing a trap instruction into the code (overwriting the point where you ask to stop). When Stalker then instruments it, this is copied into the instrumented copy of the code. However, whereas GDB knows about the real breakpoint when it stops, it can restore the original code, before continuing execution. However, this will not happen with the instrumented copy since GDB knows nothing about it. So in all, using GDB with FRIDA mode is somewhat tricky and you shouldn't rely upon continuing execution after a breakpoint has been hit.

You may also see modules seemingly appearing at different locations as the instrumented code may be written to a different location each time the target is executed. If you run `info proc mappings` in GDB, it should show where the real module is loaded.

**Comment by icytxw** [comment]
Hi @WorksButNotTested ,
I don't think the problem is related to gdb. mod_ssl.so first load address 0x7ffff357e000 and the second 0x7ffff0af2000 is the result obtained from `/proc/pid/maps`, which equals to `info proc mappings`. In fact, the offset address `0xD42B` (0x7ffff358b42b-0x7ffff357e000) equals to (0x7ffff0aff42b-0x7ffff0af2000). The Segmentation fault error occured because instrumented code return to a previous load address 0x7ffff357e000, but in fact it's new load address became 0x7ffff0af2000. This problem can be reproduced in Ubuntu or CentOS with options `--enable-ssl` when compile apache httpd.

**Comment by WorksButNotTested** [comment]
I don’t think the problem is gdb related, just that using GDB to diagnose issues is problematic. So the shared object is being loaded with dlopen/dlclose multiple times?

FRIDA mode will prevent memory being released when a module is unloaded since stalker will cache the instrumented code associated with a given address. https://github.com/AFLplusplus/AFLplusplus/blob/af8c68a774d0271ae6a2145ac566e1c7024e95d5/frida_mode/src/module.c#L46

That may explain it appearing in a different location each time.

**Comment by WorksButNotTested** [comment]
You could try `LD_PRELOAD`ing the library into the process to avoid it being loaded/uloaded?

**Comment by icytxw** [comment]
> You could try `LD_PRELOAD`ing the library into the process to avoid it being loaded/uloaded?

Yep, this is what I'm currently doing to fix the error.

**Comment by icytxw** [comment]
> I don’t think the problem is gdb related, just that using GDB to diagnose issues is problematic. So the shared object is being loaded with dlopen/dlclose multiple times?
> 
> FRIDA mode will prevent memory being released when a module is unloaded since stalker will cache the instrumented code associated with a given address.
> 
> https://github.com/AFLplusplus/AFLplusplus/blob/af8c68a774d0271ae6a2145ac566e1c7024e95d5/frida_mode/src/module.c#L46
> 
> That may explain it appearing in a different location each time.

Thanks, that makes sense. GDB in Ubuntu did case a problematic, but CentOS doesn't.

**Comment by icytxw** [comment]
So why not just skip dlclose function? Cause closing a dynamic library may cause weird issues.
```c
--- a/frida_mode/src/module.c
+++ b/frida_mode/src/module.c
@@ -64,7 +64,8 @@ static int on_dlclose(void *handle) {
   gum_module_enumerate_ranges(lm->l_name, GUM_PAGE_EXECUTE, found_range,
                               ranges);
 
-  int ret = dlclose(handle);
+//  int ret = dlclose(handle);
+  int ret = 0;
```

**Comment by WorksButNotTested** [comment]
In theory, a program should be able to load and unload DSOs, FRIDA only encounters an issue when the same region of the address space is re-used for different purposes, hence it reserves the ranges after a library is loaded to prevent it being re-used.

If an application loads, unloads and subsequently re-loads a library, then although it may happen, there is no guarantee by the OS that the library will be loaded at the same base address each time. As such an application should not rely upon that behaviour. I can only guess that perhaps apache has made such an assumption? If this is the case, then there is perhaps a security impact as a result.

Conversely, if an application has unloaded a library, then functions such as `dlsym` should no longer return symbol information for the symbols therein. If we skip the unloading of libraries then we risk program behaviour deviating. e.g. an application may load and unload multiple DSOs each with the same symbols defined (e.g. in the event that an application uses multiple shared libraries as plugins to support different data formats).

That said, if you wish to PR a change, guarded by an environment variable, which prevents DSOs from being unloaded (e.g. if you set `AFL_FRIDA_DONT_DLCOSE` then libraries wont be unloaded) then that is fine. Otherwise, if you have time to add a little note in the docs about the issue and workaround (using `LD_PRELOAD`) that would be greatly appreciated.

**Comment by vanhauser-thc** [comment]
@icytxw yes please send a PR to either add to the afl++ frida_mode docs or a PR for AFL_FRIDA_DONT_DLCLOSE please :)

**Comment by icytxw** [comment]
> @icytxw yes please send a PR to either add to the afl++ frida_mode docs or a PR for AFL_FRIDA_DONT_DLCLOSE please :)

Cause Ubuntu and Centos have a different phenomenon with the same command(in ubuntu it's a endless loop), I need to investigate why this behavior occurs in ubuntu first.
<div align=center>
<img src="https://github.com/AFLplusplus/AFLplusplus/assets/20652970/2076d0ea-c860-4186-8c03-326cf6b0afce" width="95%">
</div>

**Comment by icytxw** [comment]
> @icytxw yes please send a PR to either add to the afl++ frida_mode docs or a PR for AFL_FRIDA_DONT_DLCLOSE please :)

I got some time to debug the error this week and I think there is a BUG in AFL++. It will parse the address of the `structure` as an instruction, which may cause exception.

Apache for example, a error as below:
<div align=center>
<img src="https://github.com/AFLplusplus/AFLplusplus/assets/20652970/1181eca7-711a-426d-8fbd-95f3826ef0e9" width="100%">
</div>

Address 0x00007ffff484ed1a is a instrumented address by AFL++, but in fact it's a `Structure` address.

<div align=center>
<img src="https://github.com/AFLplusplus/AFLplusplus/assets/20652970/0e7c3ee4-5f47-4492-87be-91b4f7e44d93" width="100%">
</div>

**Comment by WorksButNotTested** [comment]
Looks like FRIDA has written an instrumented block at 0x7ffff484ecbf. This starts with the instrumentation code generated here https://github.com/AFLplusplus/AFLplusplus/blob/497ff5ff7962ee492fef315227366d658c637ab2/frida_mode/src/instrument/instrument_x64.c#L83 to update the map. This is then followed by the original instructions of the basic block (rewritten as necessary if any are position dependent).

FRIDA allocates slabs of memory using mmap to write its data. It should not stray outside of these. Are you certain the location where the structure resides is valid? e.g. not a stale pointer or something?

**Comment by icytxw** [comment]
Error code seems at function `apr_array_push` at mod_setenvif.c, the argument `sconf->conditionals` is the error pointer `0x7fffd1e0bf18` if i didn't make a mistake.
``` c
static const char *add_setenvif_core(cmd_parms *cmd, void *mconfig,
                                     char *fname, const char *args)
{
    char *regex;
    const char *simple_pattern;
    sei_cfg_rec *sconf;
    sei_entry *new;
    sei_entry *entries;
    int i;
    int icase;

    /*
     * Determine from our context into which record to put the entry.
     * cmd->path == NULL means we're in server-wide context; otherwise,
     * we're dealing with a per-directory setting.
     */
    sconf = (cmd->path != NULL)
      ? (sei_cfg_rec *) mconfig
      : (sei_cfg_rec *) ap_get_module_config(cmd->server->module_config,
                                               &setenvif_module);
    entries = (sei_entry *) sconf->conditionals->elts;
    /* get regex */
    regex = ap_getword_conf(cmd->pool, &args);
    if (!*regex) {
        return apr_pstrcat(cmd->pool, "Missing regular expression for ",
                           cmd->cmd->name, NULL);
    }

    /*
     * If we've already got a sei_entry with the same name we want to
     * just copy the name pointer... so that later on we can compare
     * two header names just by comparing the pointers.
     */
    for (i = 0; i < sconf->conditionals->nelts; ++i) {
        new = &entries[i];
        if (new->name && !strcasecmp(new->name, fname)) {
            fname = new->name;
            break;
        }
    }

    /* if the last entry has an identical headername and regex then
     * merge with it
     */
    i = sconf->conditionals->nelts - 1;
    icase = cmd->info == ICASE_MAGIC;
    if (i < 0
        || entries[i].name != fname
        || entries[i].icase != icase
        || strcmp(entries[i].regex, regex)) {

        /* no match, create a new entry */
        new = apr_array_push(sconf->conditionals);
        new->early = 0;
        new->name = fname;
        new->regex = regex;
        new->icase = icase;
```

In Assembled code, `apr_array_push` jump to the real address:
```
(gdb) x/10i 0x7fffd485d020
   0x7fffd485d020 <apr_array_push@plt>:	jmpq   *0x20209a(%rip)        # 0x7fffd4a5f0c0
   0x7fffd485d026 <apr_array_push@plt+6>:	pushq  $0x15
   0x7fffd485d02b <apr_array_push@plt+11>:	jmpq   0x7fffd485cec0
   0x7fffd485d030 <apr_table_make@plt>:	jmpq   *0x202092(%rip)        # 0x7fffd4a5f0c8
   0x7fffd485d036 <apr_table_make@plt+6>:	pushq  $0x16
   0x7fffd485d03b <apr_table_make@plt+11>:	jmpq   0x7fffd485cec0
   0x7fffd485d040 <ap_log_rerror_@plt>:	jmpq   *0x20208a(%rip)        # 0x7fffd4a5f0d0
   0x7fffd485d046 <ap_log_rerror_@plt+6>:	pushq  $0x17
   0x7fffd485d04b <ap_log_rerror_@plt+11>:	jmpq   0x7fffd485cec0
   0x7fffd485d050 <apr_pstrcat@plt>:	jmpq   *0x202082(%rip)        # 0x7fffd4a5f0d8

(gdb) x/10xg 0x7fffd4a5f0c0
0x7fffd4a5f0c0:	0x00007ffff7bb8660	0x00007ffff7bb8a90
0x7fffd4a5f0d0:	0x0000000000452740	0x00007ffff7bb62e0
0x7fffd4a5f0e0:	0x000000000044a6e0	0x00007ffff623f5d0
0x7fffd4a5f0f0:	0x00000000004520a0	0x00007ffff5208680
0x7fffd4a5f100 <setenvif_module>:	0x0000003401330293	0x0000000000000016

(gdb) x/10i 0x00007ffff7bb8660
   0x7ffff7bb8660 <apr_array_push>:	push   %r12
   0x7ffff7bb8662 <apr_array_push+2>:	push   %rbp
   0x7ffff7bb8663 <apr_array_push+3>:	push   %rbx
   0x7ffff7bb8664 <apr_array_push+4>:	mov    0xc(%rdi),%edx
   0x7ffff7bb8667 <apr_array_push+7>:	mov    %rdi,%rbx
   0x7ffff7bb866a <apr_array_push+10>:	cmp    0x10(%rdi),%edx
   0x7ffff7bb866d <apr_array_push+13>:	je     0x7ffff7bb8690 <apr_array_push+48>
   0x7ffff7bb866f <apr_array_push+15>:	mov    0x18(%rdi),%rax
   0x7ffff7bb8673 <apr_array_push+19>:	lea    0x1(%rdx),%ecx
   0x7ffff7bb8676 <apr_array_push+22>:	imul   0x8(%rbx),%edx
```
But the instrumented code for  `0x7fffd485d020` is so strange :
```
***

Creating block for 0x7fffd485d020:

Generated block 0x7ffff484e9ab-0x7ffff484ecbe
	0x7ffff484e9ab	mov qword ptr [rsp - 0x88], rax
	0x7ffff484e9b3	lahf 
	0x7ffff484e9b4	mov qword ptr [rsp - 0x90], rax
	0x7ffff484e9bc	mov qword ptr [rsp - 0x98], rbx
	0x7ffff484e9c4	mov eax, dword ptr [rip + 0x37a8636]
	0x7ffff484e9ca	xor eax, 0xd7c48
	0x7ffff484e9cf	lea rbx, [rip + 0x3151eea]
	0x7ffff484e9d6	add rax, rbx
	0x7ffff484e9d9	mov bl, byte ptr [rax]
	0x7ffff484e9db	add bl, 1
	0x7ffff484e9de	adc bl, 0
	0x7ffff484e9e1	mov byte ptr [rax], bl
	0x7ffff484e9e3	mov rbx, qword ptr [rsp - 0x98]
	0x7ffff484e9eb	mov rax, qword ptr [rsp - 0x90]
	0x7ffff484e9f3	sahf 
	0x7ffff484e9f4	mov rax, qword ptr [rsp - 0x88]
	0x7ffff484e9fc	mov dword ptr [rip + 0x37a85fa], 0x6be24
	0x7ffff484ea06	mov qword ptr [rsp - 0x88], rax
	0x7ffff484ea0e	lahf 
	0x7ffff484ea0f	mov qword ptr [rsp - 0x90], rax
	0x7ffff484ea17	mov qword ptr [rsp - 0x98], rbx
	0x7ffff484ea1f	mov rax, qword ptr [rsp - 0x88]
	0x7ffff484ea27	mov rax, qword ptr [rip - 0x1fdef96d]
	0x7ffff484ea2e	movabs rbx, 0x1ffffff
	0x7ffff484ea38	and rax, rbx
	0x7ffff484ea3b	shl rax, 3
	0x7ffff484ea3f	movabs rbx, 0x7fffe0000000
	0x7ffff484ea49	add rax, rbx
	0x7ffff484ea4c	mov rax, qword ptr [rax]
	0x7ffff484ea50	cmp rax, 1
	0x7ffff484ea56	jle 0x7ffff484ea83
	0x7ffff484ea59	mov qword ptr [rsp - 0xa0], rax
	0x7ffff484ea61	mov rbx, qword ptr [rsp - 0x98]
	0x7ffff484ea69	mov rax, qword ptr [rsp - 0x90]
	0x7ffff484ea71	sahf 
	0x7ffff484ea72	mov rax, qword ptr [rsp - 0x88]
	0x7ffff484ea7a	jmp qword ptr [rsp - 0xa0]
	0x7ffff484ea81	ud2 
	0x7ffff484ea83	mov rbx, qword ptr [rsp - 0x98]
	0x7ffff484ea8b	mov rax, qword ptr [rsp - 0x90]
	0x7ffff484ea93	sahf 
	0x7ffff484ea94	mov rax, qword ptr [rsp - 0x88]
	0x7ffff484ea9c	lea rsp, [rsp - 0x80]
	0x7ffff484eaa4	push rax
	0x7ffff484eaa5	lahf 
	0x7ffff484eaa6	push rax
	0x7ffff484eaa7	push rbx
	0x7ffff484eaa8	mov rbx, rsp
	0x7ffff484eaab	lea rax, [rsp + 0x98]
	0x7ffff484eab3	mov qword ptr [rip + 0x361569e], rax
	0x7ffff484eaba	push rdx
	0x7ffff484eabb	movabs rax, 0x7fffd485d026
	0x7ffff484eac5	xor rdx, rdx
	0x7ffff484eac8	mov rax, qword ptr [rax + rdx + 0x20209a]
	0x7ffff484ead0	pop rdx
	0x7ffff484ead1	movabs rbx, 0x7fffd2b87870
	0x7ffff484eadb	cmp qword ptr [rbx], rax
        ...
***
Creating block for 0x7fffd1e0bf18:


***

Creating block for 0x7fffd1e0bf18:

Generated block 0x7ffff484ecbf-0x7ffff484ed26
	0x7ffff484ecbf	mov qword ptr [rsp - 0x88], rax
	0x7ffff484ecc7	lahf 
	0x7ffff484ecc8	mov qword ptr [rsp - 0x90], rax
	0x7ffff484ecd0	mov qword ptr [rsp - 0x98], rbx
	0x7ffff484ecd8	mov eax, dword ptr [rip + 0x37a8322]
	0x7ffff484ecde	xor eax, 0x1781de
	0x7ffff484ece3	lea rbx, [rip + 0x3151bd6]
	0x7ffff484ecea	add rax, rbx
	0x7ffff484eced	mov bl, byte ptr [rax]
	0x7ffff484ecef	add bl, 1
	0x7ffff484ecf2	adc bl, 0
	0x7ffff484ecf5	mov byte ptr [rax], bl
	0x7ffff484ecf7	mov rbx, qword ptr [rsp - 0x98]
	0x7ffff484ecff	mov rax, qword ptr [rsp - 0x90]
	0x7ffff484ed07	sahf 
	0x7ffff484ed08	mov rax, qword ptr [rsp - 0x88]
	0x7ffff484ed10	mov dword ptr [rip + 0x37a82e6], 0xbc0ef
	0x7ffff484ed1a	and byte ptr [rdi + 0x7fffd1e0], bh
	0x7ffff484ed20	add byte ptr [rax], al
	0x7ffff484ed22	xor al, ah
	0x7ffff484ed24	loop 0x7ffff484ed1d

Generated block 0x7ffff484ecbf-0x7ffff484ed27
	0x7ffff484ecbf	mov qword ptr [rsp - 0x88], rax
	0x7ffff484ecc7	lahf 
	0x7ffff484ecc8	mov qword ptr [rsp - 0x90], rax
	0x7ffff484ecd0	mov qword ptr [rsp - 0x98], rbx
	0x7ffff484ecd8	mov eax, dword ptr [rip + 0x37a8322]
	0x7ffff484ecde	xor eax, 0x1781de
	0x7ffff484ece3	lea rbx, [rip + 0x3151bd6]
	0x7ffff484ecea	add rax, rbx
	0x7ffff484eced	mov bl, byte ptr [rax]
	0x7ffff484ecef	add bl, 1
	0x7ffff484ecf2	adc bl, 0
	0x7ffff484ecf5	mov byte ptr [rax], bl
	0x7ffff484ecf7	mov rbx, qword ptr [rsp - 0x98]
	0x7ffff484ecff	mov rax, qword ptr [rsp - 0x90]
	0x7ffff484ed07	sahf 
	0x7ffff484ed08	mov rax, qword ptr [rsp - 0x88]
	0x7ffff484ed10	mov dword ptr [rip + 0x37a82e6], 0xbc0ef
	0x7ffff484ed1a	and byte ptr [rdi + 0x7fffd1e0], bh
	0x7ffff484ed20	add byte ptr [rax], al
	0x7ffff484ed22	xor al, ah
	0x7ffff484ed24	loop 0x7ffff484ed1d
	0x7ffff484ed26	int3 

```
So why `0x7fffd485d020` generated such a so long address ?

**Comment by WorksButNotTested** [comment]
If you build with FRIDA_SOURCE=1 it will build the devkit from source. The blocks FRIDA allocates are done here. https://github.com/frida/frida-gum/blob/0ff142c1cd7dc52de7e3f7d7fe79b2a18d4dce13/gum/backend-arm64/gumstalker-arm64.c#L5662  That might give an idea whether it is going off the end of the allocation.

**Comment by icytxw** [comment]
Hey @WorksButNotTested, I am trying to found out more.
```
***

Creating block for 0x7fffd485d020:

Generated block 0x7ffff484e9ab-0x7ffff484ecbe
         ...
	0x7ffff484eabb	movabs rax, 0x7fffd485d026
	0x7ffff484eac5	xor rdx, rdx
	0x7ffff484eac8	mov rax, qword ptr [rax + rdx + 0x20209a]
	0x7ffff484ead0	pop rdx
	0x7ffff484ead1	movabs rbx, 0x7fffd2b87870
	0x7ffff484eadb	cmp qword ptr [rbx], rax
	0x7ffff484eadf	je 0x7ffff484eca0
        ...
	0x7ffff484eca0	mov rax, qword ptr [rbx + 8]
	0x7ffff484eca4	mov qword ptr [rip - 0x21cc723b], rax
	0x7ffff484ecab	pop rbx
	0x7ffff484ecac	pop rax
	0x7ffff484ecad	sahf 
	0x7ffff484ecae	pop rax
	0x7ffff484ecaf	mov rsp, qword ptr [rip + 0x36154a2]
	0x7ffff484ecb6	jmp qword ptr [rip - 0x21cc724c]
	0x7ffff484ecbc	ud2 

***
```
`mov rax, qword ptr [rax + rdx + 0x20209a]` jump to the correct address.
```
(gdb) x/10xg 0x7fffd485d026+0x20209a
0x7fffd4a5f0c0:	0x00007ffff600f660	0x00007ffff600fa90
0x7fffd4a5f0d0:	0x0000000000452740	0x00007ffff600d2e0
0x7fffd4a5f0e0:	0x000000000044a6e0	0x00007ffff64725d0
0x7fffd4a5f0f0:	0x00000000004520a0	0x00007ffff5208680
```
When frida jumps to `0x00007ffff600f660`, it found a instrumented code at `rbx+8`, so the real address it jumps to is `0x00007ffff47b8acc`.
```
(gdb) x/10xg 0x7fffd2b87870
0x7fffd2b87870:	0x00007ffff600f660	0x00007ffff47b8acc
0x7fffd2b87880:	0x0000000000000000	0xbaadd00ddeadface
0x7fffd2b87890:	0x0000000000000000	0xbaadd00ddeadface
0x7fffd2b878a0:	0x0000000000000000	0xbaadd00ddeadface
0x7fffd2b878b0:	0x0000000000000000	0xbaadd00ddeadface
```
Problem occured at `0x7ffff47b8baa`, it try to found a return address at `*(int **)0x7ffff7e65158`, but the value is covered by `0x7fffffffda88`, which I think is not a real return address.
```
(gdb) x/10xg *(int **)0x7ffff7e65158
0x7fffffffda88:	0x00007fffd1e0bf18	0x00007fffd2698030
0x7fffffffda98:	0x00007ffff4280548	0x00007fffd2671db0
0x7fffffffdaa8:	0x000000000044b29e	0x0000000000ffffff
0x7fffffffdab8:	0x0000000000000000	0x0000000000000020
0x7fffffffdac8:	0x00007fffd2698078	0xffffffff00ffffff
```
```
***

Creating block for 0x7ffff600f660:

***

Creating block for 0x7ffff600f660:

Generated block 0x7ffff47b8acc-0x7ffff47b8ae9
	0x7ffff47b8acc	push r12
	0x7ffff47b8ace	push rbp
	0x7ffff47b8acf	push rbx
	0x7ffff47b8ad0	mov edx, dword ptr [rdi + 0xc]
	0x7ffff47b8ad3	mov rbx, rdi
	0x7ffff47b8ad6	cmp edx, dword ptr [rdi + 0x10]
	0x7ffff47b8ad9	je 0x7ffff47b8ae4
	0x7ffff47b8adf	jmp 0x7ffff430a070
	0x7ffff47b8ae4	jmp 0x7ffff430a0f8


***

Creating block for 0x7ffff600f66f:


***

Creating block for 0x7ffff600f66f:

Generated block 0x7ffff47b8aea-0x7ffff47b8da7
	0x7ffff47b8aea	mov rax, qword ptr [rdi + 0x18]
	0x7ffff47b8aee	lea ecx, [rdx + 1]
	0x7ffff47b8af1	imul edx, dword ptr [rbx + 8]
	0x7ffff47b8af5	mov dword ptr [rbx + 0xc], ecx
	0x7ffff47b8af8	pop rbx
	0x7ffff47b8af9	pop rbp
	0x7ffff47b8afa	pop r12
	0x7ffff47b8afc	movsxd rdx, edx
	0x7ffff47b8aff	add rax, rdx
	0x7ffff47b8b02	mov qword ptr [rsp - 0x88], rax
	0x7ffff47b8b0a	lahf 
	0x7ffff47b8b0b	mov qword ptr [rsp - 0x90], rax
	0x7ffff47b8b13	mov qword ptr [rsp - 0x98], rbx
	0x7ffff47b8b1b	mov rax, qword ptr [rsp]
	0x7ffff47b8b20	movabs rbx, 0x1ffffff
	0x7ffff47b8b2a	and rax, rbx
	0x7ffff47b8b2d	shl rax, 3
	0x7ffff47b8b31	movabs rbx, 0x7fffe0000000
	0x7ffff47b8b3b	add rax, rbx
	0x7ffff47b8b3e	mov rax, qword ptr [rax]
	0x7ffff47b8b42	cmp rax, 1
	0x7ffff47b8b48	jle 0x7ffff47b8b69
	0x7ffff47b8b4b	mov qword ptr [rsp], rax
	0x7ffff47b8b4f	mov rbx, qword ptr [rsp - 0x98]
	0x7ffff47b8b57	mov rax, qword ptr [rsp - 0x90]
	0x7ffff47b8b5f	sahf 
	0x7ffff47b8b60	mov rax, qword ptr [rsp - 0x88]
	0x7ffff47b8b68	ret 
	0x7ffff47b8b69	mov rbx, qword ptr [rsp - 0x98]
	0x7ffff47b8b71	mov rax, qword ptr [rsp - 0x90]
	0x7ffff47b8b79	sahf 
	0x7ffff47b8b7a	mov rax, qword ptr [rsp - 0x88]
	0x7ffff47b8b82	lea rsp, [rsp - 0x80]
	0x7ffff47b8b8a	push rax
	0x7ffff47b8b8b	lahf 
	0x7ffff47b8b8c	push rax
	0x7ffff47b8b8d	push rbx
	0x7ffff47b8b8e	mov rbx, rsp
	0x7ffff47b8b91	lea rax, [rsp + 0x98]
	0x7ffff47b8b99	mov qword ptr [rip + 0x36ac5b8], rax
	0x7ffff47b8ba0	movabs rax, 0x7ffff7e65158
	0x7ffff47b8baa	mov rax, qword ptr [rax]
        0x7ffff47b8bae	mov rax, qword ptr [rax]
	0x7ffff47b8bb2	movabs rbx, 0x7ffff4c73e18
	0x7ffff47b8bbc	cmp qword ptr [rbx], rax
	0x7ffff47b8bc0	je 0x7ffff47b8d81
	0x7ffff47b8bc6	add rbx, 0x10
	0x7ffff47b8bca	cmp qword ptr [rbx], rax

***
```
I try to figure out why the value was set to `0x7fffffffda88`, when I set a hardware breakpoint, it  shows below.
```
Hardware watchpoint 2: *(int **)0x7ffff7e65158

Old value = (int *) 0x7fffffffd9b0
New value = (int *) 0x7fffffffda88
0x00007ffff4777f0f in ?? ()
(gdb) 
(gdb) x/10xg 0x7fffffffda88
0x7fffffffda88:	0x00007fffd1e0bf18	0x00007fffd2698030
0x7fffffffda98:	0x00007ffff4280548	0x00007fffd2671db0
0x7fffffffdaa8:	0x000000000044b29e	0x0000000000ffffff
0x7fffffffdab8:	0x0000000000000000	0x0000000000000020
0x7fffffffdac8:	0x00007fffd2698078	0xffffffff00ffffff
(gdb) bt
#0  0x00007ffff4777f0f in ?? ()
#1  0x00007fffffffe080 in ?? ()
#2  0x0000000000000600 in ?? ()
#3  0x0000000000000000 in ?? ()
(gdb) x/10i $pc
=> 0x7ffff4777f0f:	movabs $0x7ffff7e65158,%rax
   0x7ffff4777f19:	mov    0x0(%rax),%rax
   0x7ffff4777f1d:	mov    0x0(%rax),%rax
   0x7ffff4777f21:	movabs $0x7ffff4c41408,%rbx
   0x7ffff4777f2b:	cmp    %rax,0x0(%rbx)
   0x7ffff4777f2f:	je     0x7ffff47780f0
   0x7ffff4777f35:	add    $0x10,%rbx
   0x7ffff4777f39:	cmp    %rax,0x0(%rbx)
   0x7ffff4777f3d:	je     0x7ffff47780f0
   0x7ffff4777f43:	add    $0x10,%rbx
(gdb) x/10i $pc-0x10
   0x7ffff4777eff:	jrcxz  0x7ffff4777f49
   0x7ffff4777f01:	lea    0x98(%rsp),%eax
   0x7ffff4777f08:	mov    %rax,0x36ed249(%rip)        # 0x7ffff7e65158
=> 0x7ffff4777f0f:	movabs $0x7ffff7e65158,%rax
   0x7ffff4777f19:	mov    0x0(%rax),%rax
   0x7ffff4777f1d:	mov    0x0(%rax),%rax
   0x7ffff4777f21:	movabs $0x7ffff4c41408,%rbx
   0x7ffff4777f2b:	cmp    %rax,0x0(%rbx)
   0x7ffff4777f2f:	je     0x7ffff47780f0
   0x7ffff4777f35:	add    $0x10,%rbx
(gdb) p/x $rax
$5 = 0x7fffffffda88
```
So the main reason for this problem is that the `[rsp]` register value changed by `rax` at address `0x7ffff4777eba`? What I don't understand is why frida generates code like this.
```
        0x7ffff4777e61  mov dword ptr [rip + 0x3877195], 0x4db89
        0x7ffff4777e6b  add rsp, 0x28
        0x7ffff4777e6f  pop rbx
        0x7ffff4777e70  pop rbp
        0x7ffff4777e71  mov qword ptr [rsp - 0x88], rax
        0x7ffff4777e79  lahf
        0x7ffff4777e7a  mov qword ptr [rsp - 0x90], rax
        0x7ffff4777e82  mov qword ptr [rsp - 0x98], rbx
        0x7ffff4777e8a  mov rax, qword ptr [rsp]
        0x7ffff4777e8f  movabs rbx, 0x1ffffff
        0x7ffff4777e99  and rax, rbx
        0x7ffff4777e9c  shl rax, 3
        0x7ffff4777ea0  movabs rbx, 0x7fffe0000000
        0x7ffff4777eaa  add rax, rbx
        0x7ffff4777ead  mov rax, qword ptr [rax]
        0x7ffff4777eb1  cmp rax, 1
        0x7ffff4777eb7  jle 0x7ffff4777ed8
        0x7ffff4777eba  mov qword ptr [rsp], rax
        0x7ffff4777ebe  mov rbx, qword ptr [rsp - 0x98]
        0x7ffff4777ec6  mov rax, qword ptr [rsp - 0x90]
        0x7ffff4777ece  sahf
        0x7ffff4777ecf  mov rax, qword ptr [rsp - 0x88]
        0x7ffff4777ed7  ret
        0x7ffff4777ed8  mov rbx, qword ptr [rsp - 0x98]
        0x7ffff4777ee0  mov rax, qword ptr [rsp - 0x90]
        0x7ffff4777ee8  sahf
        0x7ffff4777ee9  mov rax, qword ptr [rsp - 0x88]
        0x7ffff4777ef1  lea rsp, [rsp - 0x80]
        0x7ffff4777ef9  push rax
        0x7ffff4777efa  lahf
        0x7ffff4777efb  push rax
        0x7ffff4777efc  push rbx
        0x7ffff4777efd  mov rbx, rsp
        0x7ffff4777f00  lea rax, [rsp + 0x98]
        0x7ffff4777f08  mov qword ptr [rip + 0x36ed249], rax
        0x7ffff4777f0f  movabs rax, 0x7ffff7e65158
        0x7ffff4777f19  mov rax, qword ptr [rax]
        0x7ffff4777f1d  mov rax, qword ptr [rax]
```

**Comment by WorksButNotTested** [comment]
That looks like the caching code. https://github.com/AFLplusplus/AFLplusplus/blob/2b8e528a3b5f44df590b8f727983d142857d0433/frida_mode/src/instrument/instrument_x64_cache.c#L18. 

Basically, whenever it encounters an indirect CALL or JMP, it emits code to lookup the address of the next instrumented block to branch to based on the real branch target. There's basically a big global array used as a lookup table. The target address is converted into an index (basically by using modulus of the map size). And the instrumented block is read out. Collisions are managed at insertion by instead storing a magic to indicate an invalid address.

It can be disabled by setting the environment variable `AFL_FRIDA_INST_NO_CACHE` if it is making things harder to analyse.

**Comment by WorksButNotTested** [comment]
@icytxw Did you find the solution?

**Comment by icytxw** [comment]
> @icytxw Did you find the solution?

Thanks for your help, after turning off the cache, this problem no longer occurs.

**Comment by vanhauser-thc** [comment]
but that means that in frida or frida_mode there is a bug, right? and the disable cache is just the workaround?

**Comment by WorksButNotTested** [comment]
Yeah. Let’s keep the ticket open. If I get some time next week, I’ll have a look at the instrumented code and see if I can figure out what’s up. Might need @icytxw to test out a branch to see if it helps though.
